2025-05-26 09:11:19,807 [Worker-6: Loading available Gradle versions] INFO  o.e.b.c.i.u.g.PublishedGradleVersions - Gradle version information cache is not available. Remote download required.
2025-05-26 09:11:31,604 [Worker-6: Building] INFO  o.e.m.c.i.l.LifecycleMappingFactory - Using org.eclipse.m2e.jdt.JarLifecycleMapping lifecycle mapping for MavenProject: com.ssafy:otocafe:0.0.1-SNAPSHOT @ C:\SSAFY\workspace_spring\final_project_5\back_end_server\nhcafe\pom.xml.
2025-05-26 09:11:32,809 [Worker-6: Building] INFO  o.a.m.s.f.DefaultMavenResourcesFiltering - Copying 1 resource from src\main\resources to target\classes
2025-05-26 09:11:32,820 [Worker-6: Building] INFO  o.a.m.s.f.DefaultMavenResourcesFiltering - Copying 41 resources from src\main\resources to target\classes
2025-05-26 09:11:32,870 [Worker-6: Building] INFO  o.a.m.s.f.DefaultMavenResourcesFiltering - skip non existing resourceDirectory C:\SSAFY\workspace_spring\final_project_5\back_end_server\nhcafe\src\test\resources
2025-05-26 09:11:33,284 [Worker-9: Building] INFO  o.a.m.s.f.DefaultMavenResourcesFiltering - Copying 1 resource from src\main\resources to target\classes
2025-05-26 09:11:33,286 [Worker-9: Building] INFO  o.a.m.s.f.DefaultMavenResourcesFiltering - Copying 41 resources from src\main\resources to target\classes
2025-05-26 09:11:33,365 [Worker-9: Building] INFO  o.a.m.s.f.DefaultMavenResourcesFiltering - skip non existing resourceDirectory C:\SSAFY\workspace_spring\final_project_5\back_end_server\nhcafe\src\test\resources
2025-05-26 09:12:03,835 [Worker-11: Updating Maven Project] INFO  o.e.m.c.i.p.ProjectConfigurationManager - Update started
2025-05-26 09:12:04,063 [Worker-11: Updating Maven Project] INFO  o.e.m.c.i.l.LifecycleMappingFactory - Using org.eclipse.m2e.jdt.JarLifecycleMapping lifecycle mapping for MavenProject: com.ssafy:otocafe:0.0.1-SNAPSHOT @ C:\SSAFY\workspace_spring\final_project_5\back_end_server\nhcafe\pom.xml.
2025-05-26 09:12:04,457 [Worker-11: Updating Maven Project] INFO  o.e.m.j.i.AbstractJavaProjectConfigurator - Adding source folder /nhcafe/src/main/java
2025-05-26 09:12:04,458 [Worker-11: Updating Maven Project] INFO  o.e.m.j.i.AbstractJavaProjectConfigurator - Adding resource folder /nhcafe/src/main/resources
2025-05-26 09:12:04,459 [Worker-11: Updating Maven Project] INFO  o.e.m.j.i.AbstractJavaProjectConfigurator - Adding resource folder /nhcafe/src/main/resources
2025-05-26 09:12:04,459 [Worker-11: Updating Maven Project] INFO  o.e.m.j.i.AbstractJavaProjectConfigurator - Adding source folder /nhcafe/src/test/java
2025-05-26 09:12:04,460 [Worker-11: Updating Maven Project] INFO  o.e.m.j.i.AbstractJavaProjectConfigurator - Adding resource folder /nhcafe/src/test/resources
2025-05-26 09:12:04,647 [Worker-11: Updating Maven Project] INFO  o.e.m.c.i.p.ProjectConfigurationManager - Update completed for 1 poms: local refresh takes 0.00 sec, refresh facades takes 0.00 sec, update config takes 0.00 sec 
2025-05-26 09:12:04,934 [Worker-1: Building] INFO  o.a.m.s.f.DefaultMavenResourcesFiltering - Copying 1 resource from src\main\resources to target\classes
2025-05-26 09:12:04,956 [Worker-1: Building] INFO  o.a.m.s.f.DefaultMavenResourcesFiltering - Copying 41 resources from src\main\resources to target\classes
2025-05-26 09:12:05,003 [Worker-1: Building] INFO  o.a.m.s.f.DefaultMavenResourcesFiltering - skip non existing resourceDirectory C:\SSAFY\workspace_spring\final_project_5\back_end_server\nhcafe\src\test\resources
2025-05-26 09:13:10,724 [Worker-4: Building] INFO  o.a.m.s.f.DefaultMavenResourcesFiltering - Copying 1 resource from src\main\resources to target\classes
2025-05-26 09:13:10,733 [Worker-4: Building] INFO  o.a.m.s.f.DefaultMavenResourcesFiltering - Copying 41 resources from src\main\resources to target\classes
2025-05-26 09:13:10,743 [Worker-4: Building] INFO  o.a.m.s.f.DefaultMavenResourcesFiltering - skip non existing resourceDirectory C:\SSAFY\workspace_spring\final_project_5\back_end_server\nhcafe\src\test\resources
